  menu.cpp
menu.obj : error LNK2019: símbolo externo "__declspec(dllimport) public: __cdecl sf::String::String(char const *,class std::locale const &)" (__imp_??0String@sf@@QEAA@PEBDAEBVlocale@std@@@Z) sin resolver al que se hace referencia en la función "public: void __cdecl Menu::loadAssets(void)" (?loadAssets@Menu@@QEAAXXZ)
menu.obj : error LNK2019: símbolo externo "__declspec(dllimport) public: __cdecl sf::String::~String(void)" (__imp_??1String@sf@@QEAA@XZ) sin resolver al que se hace referencia en la función "public: void __cdecl Menu::loadAssets(void)" (?loadAssets@Menu@@QEAAXXZ)
menu.obj : error LNK2019: símbolo externo "__declspec(dllimport) public: void __cdecl sf::Window::close(void)" (__imp_?close@Window@sf@@QEAAXXZ) sin resolver al que se hace referencia en la función "public: void __cdecl Menu::run(void)" (?run@Menu@@QEAAXXZ)
menu.obj : error LNK2019: símbolo externo "__declspec(dllimport) public: bool __cdecl sf::Window::isOpen(void)const " (__imp_?isOpen@Window@sf@@QEBA_NXZ) sin resolver al que se hace referencia en la función "public: void __cdecl Menu::run(void)" (?run@Menu@@QEAAXXZ)
menu.obj : error LNK2019: símbolo externo "__declspec(dllimport) public: bool __cdecl sf::Window::pollEvent(class sf::Event &)" (__imp_?pollEvent@Window@sf@@QEAA_NAEAVEvent@2@@Z) sin resolver al que se hace referencia en la función "public: void __cdecl Menu::run(void)" (?run@Menu@@QEAAXXZ)
menu.obj : error LNK2019: símbolo externo "__declspec(dllimport) public: void __cdecl sf::Window::display(void)" (__imp_?display@Window@sf@@QEAAXXZ) sin resolver al que se hace referencia en la función "public: void __cdecl Menu::run(void)" (?run@Menu@@QEAAXXZ)
menu.obj : error LNK2019: símbolo externo "__declspec(dllimport) public: void __cdecl sf::Transformable::setPosition(float,float)" (__imp_?setPosition@Transformable@sf@@QEAAXMM@Z) sin resolver al que se hace referencia en la función "public: void __cdecl Menu::loadAssets(void)" (?loadAssets@Menu@@QEAAXXZ)
menu.obj : error LNK2019: símbolo externo "__declspec(dllimport) public: void __cdecl sf::Transformable::setScale(float,float)" (__imp_?setScale@Transformable@sf@@QEAAXMM@Z) sin resolver al que se hace referencia en la función "public: void __cdecl Menu::loadAssets(void)" (?loadAssets@Menu@@QEAAXXZ)
menu.obj : error LNK2019: símbolo externo "__declspec(dllimport) public: __cdecl sf::Color::Color(unsigned char,unsigned char,unsigned char,unsigned char)" (__imp_??0Color@sf@@QEAA@EEEE@Z) sin resolver al que se hace referencia en la función "public: void __cdecl Menu::run(void)" (?run@Menu@@QEAAXXZ)
menu.obj : error LNK2019: símbolo externo "__declspec(dllimport) public: __cdecl sf::Texture::Texture(void)" (__imp_??0Texture@sf@@QEAA@XZ) sin resolver al que se hace referencia en la función "public: __cdecl Menu::Menu(class sf::RenderWindow *)" (??0Menu@@QEAA@PEAVRenderWindow@sf@@@Z)
menu.obj : error LNK2019: símbolo externo "__declspec(dllimport) public: __cdecl sf::Texture::~Texture(void)" (__imp_??1Texture@sf@@QEAA@XZ) sin resolver al que se hace referencia en la función "int `public: __cdecl Menu::Menu(class sf::RenderWindow *)'::`1'::dtor$0" (?dtor$0@?0???0Menu@@QEAA@PEAVRenderWindow@sf@@@Z@4HA)
menu.obj : error LNK2019: símbolo externo "__declspec(dllimport) public: bool __cdecl sf::Texture::loadFromFile(class std::basic_string<char,struct std::char_traits<char>,class std::allocator<char> > const &,class sf::Rect<int> const &)" (__imp_?loadFromFile@Texture@sf@@QEAA_NAEBV?$basic_string@DU?$char_traits@D@std@@V?$allocator@D@2@@std@@AEBV?$Rect@H@2@@Z) sin resolver al que se hace referencia en la función "public: void __cdecl Menu::loadAssets(void)" (?loadAssets@Menu@@QEAAXXZ)
menu.obj : error LNK2019: símbolo externo "__declspec(dllimport) public: __cdecl sf::Font::Font(void)" (__imp_??0Font@sf@@QEAA@XZ) sin resolver al que se hace referencia en la función "public: __cdecl Menu::Menu(class sf::RenderWindow *)" (??0Menu@@QEAA@PEAVRenderWindow@sf@@@Z)
menu.obj : error LNK2019: símbolo externo "__declspec(dllimport) public: __cdecl sf::Font::~Font(void)" (__imp_??1Font@sf@@QEAA@XZ) sin resolver al que se hace referencia en la función "int `public: __cdecl Menu::Menu(class sf::RenderWindow *)'::`1'::dtor$7" (?dtor$7@?0???0Menu@@QEAA@PEAVRenderWindow@sf@@@Z@4HA)
menu.obj : error LNK2019: símbolo externo "__declspec(dllimport) public: bool __cdecl sf::Font::loadFromFile(class std::basic_string<char,struct std::char_traits<char>,class std::allocator<char> > const &)" (__imp_?loadFromFile@Font@sf@@QEAA_NAEBV?$basic_string@DU?$char_traits@D@std@@V?$allocator@D@2@@std@@@Z) sin resolver al que se hace referencia en la función "public: void __cdecl Menu::loadAssets(void)" (?loadAssets@Menu@@QEAAXXZ)
menu.obj : error LNK2019: símbolo externo "__declspec(dllimport) public: void __cdecl sf::RenderTarget::clear(class sf::Color const &)" (__imp_?clear@RenderTarget@sf@@QEAAXAEBVColor@2@@Z) sin resolver al que se hace referencia en la función "public: void __cdecl Menu::run(void)" (?run@Menu@@QEAAXXZ)
menu.obj : error LNK2019: símbolo externo "__declspec(dllimport) public: void __cdecl sf::RenderTarget::draw(class sf::Drawable const &,class sf::RenderStates const &)" (__imp_?draw@RenderTarget@sf@@QEAAXAEBVDrawable@2@AEBVRenderStates@2@@Z) sin resolver al que se hace referencia en la función "public: void __cdecl Menu::run(void)" (?run@Menu@@QEAAXXZ)
menu.obj : error LNK2019: símbolo externo "__declspec(dllimport) public: __cdecl sf::Sprite::Sprite(void)" (__imp_??0Sprite@sf@@QEAA@XZ) sin resolver al que se hace referencia en la función "public: __cdecl Menu::Menu(class sf::RenderWindow *)" (??0Menu@@QEAA@PEAVRenderWindow@sf@@@Z)
menu.obj : error LNK2019: símbolo externo "__declspec(dllimport) public: void __cdecl sf::Sprite::setTexture(class sf::Texture const &,bool)" (__imp_?setTexture@Sprite@sf@@QEAAXAEBVTexture@2@_N@Z) sin resolver al que se hace referencia en la función "public: void __cdecl Menu::loadAssets(void)" (?loadAssets@Menu@@QEAAXXZ)
menu.obj : error LNK2019: símbolo externo "__declspec(dllimport) public: virtual __cdecl sf::Sprite::~Sprite(void)" (__imp_??1Sprite@sf@@UEAA@XZ) sin resolver al que se hace referencia en la función "int `public: __cdecl Menu::Menu(class sf::RenderWindow *)'::`1'::dtor$3" (?dtor$3@?0???0Menu@@QEAA@PEAVRenderWindow@sf@@@Z@4HA)
menu.obj : error LNK2019: símbolo externo "__declspec(dllimport) public: class sf::Sprite & __cdecl sf::Sprite::operator=(class sf::Sprite const &)" (__imp_??4Sprite@sf@@QEAAAEAV01@AEBV01@@Z) sin resolver al que se hace referencia en la función "public: void __cdecl Menu::loadAssets(void)" (?loadAssets@Menu@@QEAAXXZ)
menu.obj : error LNK2019: símbolo externo "__declspec(dllimport) public: __cdecl sf::Text::Text(void)" (__imp_??0Text@sf@@QEAA@XZ) sin resolver al que se hace referencia en la función "public: __cdecl Menu::Menu(class sf::RenderWindow *)" (??0Menu@@QEAA@PEAVRenderWindow@sf@@@Z)
menu.obj : error LNK2019: símbolo externo "__declspec(dllimport) public: void __cdecl sf::Text::setString(class sf::String const &)" (__imp_?setString@Text@sf@@QEAAXAEBVString@2@@Z) sin resolver al que se hace referencia en la función "public: void __cdecl Menu::loadAssets(void)" (?loadAssets@Menu@@QEAAXXZ)
menu.obj : error LNK2019: símbolo externo "__declspec(dllimport) public: void __cdecl sf::Text::setFont(class sf::Font const &)" (__imp_?setFont@Text@sf@@QEAAXAEBVFont@2@@Z) sin resolver al que se hace referencia en la función "public: void __cdecl Menu::loadAssets(void)" (?loadAssets@Menu@@QEAAXXZ)
menu.obj : error LNK2019: símbolo externo "__declspec(dllimport) public: void __cdecl sf::Text::setCharacterSize(unsigned int)" (__imp_?setCharacterSize@Text@sf@@QEAAXI@Z) sin resolver al que se hace referencia en la función "public: void __cdecl Menu::loadAssets(void)" (?loadAssets@Menu@@QEAAXXZ)
menu.obj : error LNK2019: símbolo externo "__declspec(dllimport) public: void __cdecl sf::Text::setFillColor(class sf::Color const &)" (__imp_?setFillColor@Text@sf@@QEAAXAEBVColor@2@@Z) sin resolver al que se hace referencia en la función "public: void __cdecl Menu::loadAssets(void)" (?loadAssets@Menu@@QEAAXXZ)
menu.obj : error LNK2019: símbolo externo "__declspec(dllimport) public: virtual __cdecl sf::Text::~Text(void)" (__imp_??1Text@sf@@UEAA@XZ) sin resolver al que se hace referencia en la función "int `public: __cdecl Menu::Menu(class sf::RenderWindow *)'::`1'::dtor$8" (?dtor$8@?0???0Menu@@QEAA@PEAVRenderWindow@sf@@@Z@4HA)
menu.obj : error LNK2019: símbolo externo "__declspec(dllimport) public: static class sf::RenderStates const sf::RenderStates::Default" (__imp_?Default@RenderStates@sf@@2V12@B) sin resolver al que se hace referencia en la función "public: void __cdecl Menu::run(void)" (?run@Menu@@QEAAXXZ)
menu.obj : error LNK2019: símbolo externo "__declspec(dllimport) public: static class sf::Color const sf::Color::Red" (__imp_?Red@Color@sf@@2V12@B) sin resolver al que se hace referencia en la función "public: void __cdecl Menu::loadAssets(void)" (?loadAssets@Menu@@QEAAXXZ)
menu.obj : error LNK2019: símbolo externo "__declspec(dllimport) public: static class sf::Color const sf::Color::Blue" (__imp_?Blue@Color@sf@@2V12@B) sin resolver al que se hace referencia en la función "public: void __cdecl Menu::loadAssets(void)" (?loadAssets@Menu@@QEAAXXZ)
MSVCRTD.lib(exe_main.obj) : error LNK2019: símbolo externo main sin resolver al que se hace referencia en la función "int __cdecl invoke_main(void)" (?invoke_main@@YAHXZ)
C:\SFML\SFML-2.5.1\lib\sfml-audio-d.lib : warning LNK4272: el tipo de máquina de biblioteca 'x86' está en conflicto con el tipo de máquina de destino 'x64'
C:\SFML\SFML-2.5.1\lib\sfml-graphics-d.lib : warning LNK4272: el tipo de máquina de biblioteca 'x86' está en conflicto con el tipo de máquina de destino 'x64'
C:\SFML\SFML-2.5.1\lib\sfml-main-d.lib : warning LNK4272: el tipo de máquina de biblioteca 'x86' está en conflicto con el tipo de máquina de destino 'x64'
C:\SFML\SFML-2.5.1\lib\sfml-system-d.lib : warning LNK4272: el tipo de máquina de biblioteca 'x86' está en conflicto con el tipo de máquina de destino 'x64'
C:\SFML\SFML-2.5.1\lib\sfml-window-d.lib : warning LNK4272: el tipo de máquina de biblioteca 'x86' está en conflicto con el tipo de máquina de destino 'x64'
C:\SFML\TP integrador MAVI\TP integrador MAVI\x64\Debug\TP integrador MAVI.exe : fatal error LNK1120: 31 externos sin resolver
